<?xml version="1.0" encoding="UTF-8"?>
<testsuite errors="0" failures="0" hostname="PC104" name="test.ParkManagerTest" tests="6" time="0.0" timestamp="2012-12-21T05:17:26">
  <properties />
  <testcase classname="test.ParkManagerTest" name="test_pm_ask_parkingboy_stopcar" time="0.0" />
  <testcase classname="test.ParkManagerTest" name="test_pm_ask_parking_boy_stop_car_cp_full" time="0.0" />
  <testcase classname="test.ParkManagerTest" name="test_pm_getcar_nocar" time="0.0" />
  <testcase classname="test.ParkManagerTest" name="test_pm_stop_car_all_full_himself" time="0.0" />
  <testcase classname="test.ParkManagerTest" name="test_pm_stop_car_himself" time="0.0" />
  <testcase classname="test.ParkManagerTest" name="test_pm_getcar" time="0.0" />
  <system-out><![CDATA[]]></system-out>
  <system-err><![CDATA[]]></system-err>
</testsuite>
